WARNING: MYSQL_OPT_RECONNECT is deprecated and will be removed in a future version.
WARNING: MYSQL_OPT_RECONNECT is deprecated and will be removed in a future version.
WARNING: MYSQL_OPT_RECONNECT is deprecated and will be removed in a future version.
WARNING: MYSQL_OPT_RECONNECT is deprecated and will be removed in a future version.
WARNING: MYSQL_OPT_RECONNECT is deprecated and will be removed in a future version.
[INFO]2026/04/13 00:26:22EventLoop 0x7f4d216acd30 start looping 

[INFO]2026/04/13 00:26:22EventLoop 0x7f4d20eabd30 start looping 

[INFO]2026/04/13 00:26:22EventLoop 0x7f4d1bffed30 start looping 

[INFO]2026/04/13 00:26:22EventLoop 0x7f4d1b7fdd30 start looping 

[INFO]2026/04/13 00:26:22EventLoop 0x7f4d1affcd30 start looping 

[INFO]2026/04/13 00:26:22EventLoop 0x7f4d1a7fbd30 start looping 

[INFO]2026/04/13 00:26:22EventLoop 0x7f4d19ffad30 start looping 

[INFO]2026/04/13 00:26:22EventLoop 0x7f4d197f9d30 start looping 

=== muduo-im ===
HTTP API: http://localhost:8080
WebSocket: ws://localhost:9090/ws?token=xxx
[INFO]2026/04/13 00:26:22EventLoop 0x7ffdd1e78750 start looping 

[INFO]2026/04/13 00:26:23Channel::handleEvent fd=5 revents=1
[INFO]2026/04/13 00:26:23Channel::handleEvent fd=18 revents=1
[INFO]2026/04/13 00:26:23Channel::handleEvent fd=21 revents=1
[INFO]2026/04/13 00:26:23Channel::handleEvent fd=24 revents=1
[INFO]2026/04/13 00:26:23Channel::handleEvent fd=27 revents=1
[INFO]2026/04/13 00:26:23Channel::handleEvent fd=30 revents=1
[INFO]2026/04/13 00:26:23Channel::handleEvent fd=33 revents=1
[INFO]2026/04/13 00:26:23Channel::handleEvent fd=36 revents=1
[INFO]2026/04/13 00:26:23Channel::handleEvent fd=39 revents=1
[INFO]2026/04/13 00:26:24Channel::handleEvent fd=5 revents=1
[INFO]2026/04/13 00:26:24Channel::handleEvent fd=18 revents=1
[INFO]2026/04/13 00:26:24Channel::handleEvent fd=21 revents=1
[INFO]2026/04/13 00:26:24Channel::handleEvent fd=24 revents=1
[INFO]2026/04/13 00:26:24Channel::handleEvent fd=27 revents=1
[INFO]2026/04/13 00:26:24Channel::handleEvent fd=30 revents=1
[INFO]2026/04/13 00:26:24Channel::handleEvent fd=33 revents=1
[INFO]2026/04/13 00:26:24Channel::handleEvent fd=36 revents=1
[INFO]2026/04/13 00:26:24Channel::handleEvent fd=39 revents=1
[INFO]2026/04/13 00:26:24Channel::handleEvent fd=7 revents=1
[INFO]2026/04/13 00:26:24Channel::handleEvent fd=29 revents=1
[INFO]2026/04/13 00:26:24Channel::handleEvent fd=40 revents=1
[INFO]2026/04/13 00:26:25Channel::handleEvent fd=5 revents=1
[INFO]2026/04/13 00:26:25Channel::handleEvent fd=18 revents=1
[INFO]2026/04/13 00:26:25Channel::handleEvent fd=21 revents=1
[INFO]2026/04/13 00:26:25Channel::handleEvent fd=24 revents=1
[INFO]2026/04/13 00:26:25Channel::handleEvent fd=27 revents=1
[INFO]2026/04/13 00:26:25Channel::handleEvent fd=30 revents=1
[INFO]2026/04/13 00:26:25Channel::handleEvent fd=33 revents=1
[INFO]2026/04/13 00:26:25Channel::handleEvent fd=36 revents=1
[INFO]2026/04/13 00:26:25Channel::handleEvent fd=39 revents=1
[INFO]2026/04/13 00:26:26Channel::handleEvent fd=5 revents=1
[INFO]2026/04/13 00:26:26Channel::handleEvent fd=18 revents=1
[INFO]2026/04/13 00:26:26Channel::handleEvent fd=21 revents=1
[INFO]2026/04/13 00:26:26Channel::handleEvent fd=24 revents=1
[INFO]2026/04/13 00:26:26Channel::handleEvent fd=27 revents=1
[INFO]2026/04/13 00:26:26Channel::handleEvent fd=30 revents=1
[INFO]2026/04/13 00:26:26Channel::handleEvent fd=33 revents=1
[INFO]2026/04/13 00:26:26Channel::handleEvent fd=36 revents=1
[INFO]2026/04/13 00:26:26Channel::handleEvent fd=39 revents=1
[INFO]2026/04/13 00:26:27Channel::handleEvent fd=5 revents=1
[INFO]2026/04/13 00:26:27Channel::handleEvent fd=18 revents=1
[INFO]2026/04/13 00:26:27Channel::handleEvent fd=21 revents=1
[INFO]2026/04/13 00:26:27Channel::handleEvent fd=24 revents=1
[INFO]2026/04/13 00:26:27Channel::handleEvent fd=27 revents=1
[INFO]2026/04/13 00:26:27Channel::handleEvent fd=30 revents=1
[INFO]2026/04/13 00:26:27Channel::handleEvent fd=33 revents=1
[INFO]2026/04/13 00:26:27Channel::handleEvent fd=36 revents=1
[INFO]2026/04/13 00:26:27Channel::handleEvent fd=39 revents=1
